E, [2014-02-05T09:34:38.978476 #63866] ERROR -- Kitchen: ------Exception-------
E, [2014-02-05T09:34:38.978571 #63866] ERROR -- Kitchen: Class: Kitchen::UserError
E, [2014-02-05T09:34:38.978608 #63866] ERROR -- Kitchen: Message: Kitchen YAML file /Users/fscott/Personal/projects/thunr/app/thunr_app_rails/.kitchen.yml does not exist.
E, [2014-02-05T09:34:38.978629 #63866] ERROR -- Kitchen: ------Backtrace-------
E, [2014-02-05T09:34:38.978659 #63866] ERROR -- Kitchen: /Users/fscott/.rvm/gems/ruby-1.9.3-p448/gems/test-kitchen-1.1.1/lib/kitchen/loader/yaml.rb:59:in `read'
E, [2014-02-05T09:34:38.978680 #63866] ERROR -- Kitchen: /Users/fscott/.rvm/gems/ruby-1.9.3-p448/gems/test-kitchen-1.1.1/lib/kitchen/config.rb:78:in `data'
E, [2014-02-05T09:34:38.978700 #63866] ERROR -- Kitchen: /Users/fscott/.rvm/gems/ruby-1.9.3-p448/gems/test-kitchen-1.1.1/lib/kitchen/config.rb:66:in `suites'
E, [2014-02-05T09:34:38.978721 #63866] ERROR -- Kitchen: /Users/fscott/.rvm/gems/ruby-1.9.3-p448/gems/test-kitchen-1.1.1/lib/kitchen/config.rb:90:in `filter_instances'
E, [2014-02-05T09:34:38.978741 #63866] ERROR -- Kitchen: /Users/fscott/.rvm/gems/ruby-1.9.3-p448/gems/test-kitchen-1.1.1/lib/kitchen/config.rb:72:in `build_instances'
E, [2014-02-05T09:34:38.978761 #63866] ERROR -- Kitchen: /Users/fscott/.rvm/gems/ruby-1.9.3-p448/gems/test-kitchen-1.1.1/lib/kitchen/config.rb:52:in `instances'
E, [2014-02-05T09:34:38.978781 #63866] ERROR -- Kitchen: /Users/fscott/.rvm/gems/ruby-1.9.3-p448/gems/test-kitchen-1.1.1/lib/kitchen/cli.rb:342:in `get_filtered_instances'
E, [2014-02-05T09:34:38.978801 #63866] ERROR -- Kitchen: /Users/fscott/.rvm/gems/ruby-1.9.3-p448/gems/test-kitchen-1.1.1/lib/kitchen/cli.rb:157:in `login'
E, [2014-02-05T09:34:38.978830 #63866] ERROR -- Kitchen: /Users/fscott/.rvm/gems/ruby-1.9.3-p448/gems/thor-0.18.1/lib/thor/command.rb:27:in `run'
E, [2014-02-05T09:34:38.978858 #63866] ERROR -- Kitchen: /Users/fscott/.rvm/gems/ruby-1.9.3-p448/gems/thor-0.18.1/lib/thor/invocation.rb:120:in `invoke_command'
E, [2014-02-05T09:34:38.978889 #63866] ERROR -- Kitchen: /Users/fscott/.rvm/gems/ruby-1.9.3-p448/gems/test-kitchen-1.1.1/lib/kitchen/cli.rb:288:in `invoke_task'
E, [2014-02-05T09:34:38.978909 #63866] ERROR -- Kitchen: /Users/fscott/.rvm/gems/ruby-1.9.3-p448/gems/thor-0.18.1/lib/thor.rb:363:in `dispatch'
E, [2014-02-05T09:34:38.978929 #63866] ERROR -- Kitchen: /Users/fscott/.rvm/gems/ruby-1.9.3-p448/gems/thor-0.18.1/lib/thor/base.rb:439:in `start'
E, [2014-02-05T09:34:38.978950 #63866] ERROR -- Kitchen: /Users/fscott/.rvm/gems/ruby-1.9.3-p448/gems/test-kitchen-1.1.1/bin/kitchen:13:in `block in <top (required)>'
E, [2014-02-05T09:34:38.978970 #63866] ERROR -- Kitchen: /Users/fscott/.rvm/gems/ruby-1.9.3-p448/gems/test-kitchen-1.1.1/lib/kitchen/errors.rb:81:in `with_friendly_errors'
E, [2014-02-05T09:34:38.978990 #63866] ERROR -- Kitchen: /Users/fscott/.rvm/gems/ruby-1.9.3-p448/gems/test-kitchen-1.1.1/bin/kitchen:13:in `<top (required)>'
E, [2014-02-05T09:34:38.979010 #63866] ERROR -- Kitchen: /Users/fscott/.rvm/gems/ruby-1.9.3-p448/bin/kitchen:23:in `load'
E, [2014-02-05T09:34:38.979030 #63866] ERROR -- Kitchen: /Users/fscott/.rvm/gems/ruby-1.9.3-p448/bin/kitchen:23:in `<main>'
E, [2014-02-05T09:34:38.979050 #63866] ERROR -- Kitchen: /Users/fscott/.rvm/gems/ruby-1.9.3-p448/bin/ruby_executable_hooks:15:in `eval'
E, [2014-02-05T09:34:38.979071 #63866] ERROR -- Kitchen: /Users/fscott/.rvm/gems/ruby-1.9.3-p448/bin/ruby_executable_hooks:15:in `<main>'
E, [2014-02-05T09:34:38.979091 #63866] ERROR -- Kitchen: ----------------------
